<?xml version="1.0" encoding="UTF-8"?>
<testng-results skipped="0" failed="0" ignored="0" total="2" passed="2">
  <reporter-output>
  </reporter-output>
  <suite name="Default suite" duration-ms="128333" started-at="2018-10-28T10:33:12Z" finished-at="2018-10-28T10:35:20Z">
    <groups>
    </groups>
    <test name="Default test" duration-ms="128333" started-at="2018-10-28T10:33:12Z" finished-at="2018-10-28T10:35:20Z">
      <class name="com.tests.RegistrationTest">
        <test-method status="PASS" signature="TC001(java.lang.String)[pri:0, instance:com.tests.RegistrationTest@1f57539]" name="TC001" duration-ms="81002" started-at="2018-10-28T10:33:12Z" data-provider="TC001" finished-at="2018-10-28T10:34:33Z">
          <params>
            <param index="0">
              <value>
                <![CDATA[abc@xyz.com]]>
              </value>
            </param>
          </params>
          <reporter-output>
          </reporter-output>
        </test-method> <!-- TC001 -->
        <test-method status="PASS" signature="closeBrowser()[pri:0, instance:com.tests.RegistrationTest@1f57539]" name="closeBrowser" is-config="true" duration-ms="1645" started-at="2018-10-28T10:34:33Z" finished-at="2018-10-28T10:34:35Z">
          <reporter-output>
          </reporter-output>
        </test-method> <!-- closeBrowser -->
        <test-method status="PASS" signature="TC002(java.lang.String)[pri:0, instance:com.tests.RegistrationTest@1f57539]" name="TC002" duration-ms="44270" started-at="2018-10-28T10:34:35Z" data-provider="TC001" finished-at="2018-10-28T10:35:19Z">
          <params>
            <param index="0">
              <value>
                <![CDATA[abc@xyz.com]]>
              </value>
            </param>
          </params>
          <reporter-output>
          </reporter-output>
        </test-method> <!-- TC002 -->
        <test-method status="PASS" signature="closeBrowser()[pri:0, instance:com.tests.RegistrationTest@1f57539]" name="closeBrowser" is-config="true" duration-ms="1343" started-at="2018-10-28T10:35:19Z" finished-at="2018-10-28T10:35:20Z">
          <reporter-output>
          </reporter-output>
        </test-method> <!-- closeBrowser -->
      </class> <!-- com.tests.RegistrationTest -->
    </test> <!-- Default test -->
  </suite> <!-- Default suite -->
</testng-results>
